\BOOKMARK [1][-]{section.1}{Definition}{}% 1
\BOOKMARK [2][-]{subsection.1.1}{Project\040Overview}{section.1}% 2
\BOOKMARK [2][-]{subsection.1.2}{Problem\040Statement}{section.1}% 3
\BOOKMARK [2][-]{subsection.1.3}{Merrics}{section.1}% 4
\BOOKMARK [1][-]{section.2}{Analysis}{}% 5
\BOOKMARK [2][-]{subsection.2.1}{Data\040Exploration}{section.2}% 6
\BOOKMARK [2][-]{subsection.2.2}{Exploratory\040Visualization}{section.2}% 7
\BOOKMARK [2][-]{subsection.2.3}{Algorithms\040and\040Techniques}{section.2}% 8
\BOOKMARK [2][-]{subsection.2.4}{Benchmark}{section.2}% 9
\BOOKMARK [1][-]{section.3}{Methodology}{}% 10
\BOOKMARK [2][-]{subsection.3.1}{Data\040Preprocessing}{section.3}% 11
\BOOKMARK [2][-]{subsection.3.2}{Implementation}{section.3}% 12
\BOOKMARK [2][-]{subsection.3.3}{Refinement}{section.3}% 13
\BOOKMARK [2][-]{subsection.3.4}{Improvement}{section.3}% 14
\BOOKMARK [1][-]{section.4}{Results}{}% 15
\BOOKMARK [2][-]{subsection.4.1}{Model\040Evaluation\040and\040Validation}{section.4}% 16
\BOOKMARK [2][-]{subsection.4.2}{Justification}{section.4}% 17
\BOOKMARK [1][-]{section.5}{Conclusion}{}% 18
\BOOKMARK [2][-]{subsection.5.1}{Free-Form\040Visualization}{section.5}% 19
\BOOKMARK [2][-]{subsection.5.2}{Reflection}{section.5}% 20
\BOOKMARK [1][-]{section.6}{Application}{}% 21
\BOOKMARK [1][-]{section.7}{Reference}{}% 22
